<?xml version='1.0' encoding='UTF-8'?>
<testsuite hostname="DESKTOP-8IVQB9G" name="ActionTest" tests="1" errors="0" failures="0" skipped="0" time="0.039" timestamp="2022-10-25T10:30:51">
          <properties>
      <property name="awt.toolkit" value="sun.awt.windows.WToolkit"/><property name="java.specification.version" value="11"/><property name="sun.cpu.isalist" value="amd64"/><property name="sun.jnu.encoding" value="Cp1252"/><property name="sun.arch.data.model" value="64"/><property name="java.vendor.url" value="https://openjdk.java.net/"/><property name="jline.terminal" value="unix"/><property name="sun.boot.library.path" value="C:\Program Files\Java\jdk-11.0.15\bin"/><property name="sun.java.command" value="C:\Program Files (x86)\sbt\bin\sbt-launch.jar test"/><property name="jdk.debug" value="release"/><property name="java.specification.vendor" value="Oracle Corporation"/><property name="java.version.date" value="2022-04-19"/><property name="java.home" value="C:\Program Files\Java\jdk-11.0.15"/><property name="file.separator" value="\"/><property name="java.vm.compressedOopsMode" value="32-bit"/><property name="line.separator" value="
"/><property name="java.specification.name" value="Java Platform API Specification"/><property name="java.vm.specification.vendor" value="Oracle Corporation"/><property name="user.script" value=""/><property name="sun.management.compiler" value="HotSpot 64-Bit Tiered Compilers"/><property name="java.runtime.version" value="11.0.15+8-LTS-149"/><property name="user.name" value="elvis"/><property name="log4j.ignoreTCL" value="true"/><property name="file.encoding" value="UTF-8"/><property name="jnidispatch.path" value="C:\Users\elvis\AppData\Local\Temp\jna-96609817\jna5335021017569170897.dll"/><property name="java.vendor.version" value="18.9"/><property name="jna.loaded" value="true"/><property name="java.io.tmpdir" value="C:\Users\elvis\AppData\Local\Temp\"/><property name="java.version" value="11.0.15"/><property name="java.vm.specification.name" value="Java Virtual Machine Specification"/><property name="java.awt.printerjob" value="sun.awt.windows.WPrinterJob"/><property name="sun.os.patch.level" value=""/><property name="java.library.path" value="C:\Program Files\Java\jdk-11.0.15\bin;C:\WINDOWS\Sun\Java\bin;C:\WINDOWS\system32;C:\WINDOWS;C:\Users\elvis\bin;C:\Program Files\Git\mingw64\bin;C:\Program Files\Git\usr\local\bin;C:\Program Files\Git\usr\bin;C:\Program Files\Git\usr\bin;C:\Program Files\Git\mingw64\bin;C:\Program Files\Git\usr\bin;C:\Users\elvis\bin;C:\Program Files\Common Files\Oracle\Java\javapath;C:\WINDOWS\system32;C:\WINDOWS;C:\WINDOWS\System32\Wbem;C:\WINDOWS\System32\WindowsPowerShell\v1.0;C:\WINDOWS\System32\OpenSSH;C:\Program Files\dotnet;C:\Program Files\NVIDIA Corporation\NVIDIA NvDLISR;C:\Program Files (x86)\NVIDIA Corporation\PhysX\Common;C:\Program Files\Git\cmd;C:\Program Files (x86)\sbt\bin;C:\Program Files (x86)\scala\bin;C:\Program Files\Docker\Docker\resources\bin;C:\Users\elvis\AppData\Local\Programs\Python\Python310\Scripts;C:\Users\elvis\AppData\Local\Programs\Python\Python310;C:\Users\elvis\AppData\Local\Microsoft\WindowsApps;C:\Users\elvis\AppData\Local\Programs\Microsoft VS Code\bin;C:\Users\elvis\AppData\Local\Coursier\data\bin;C:\Users\elvis\AppData\Local\JetBrains\Toolbox\scripts;C:\Program Files\Git\usr\bin\vendor_perl;C:\Program Files\Git\usr\bin\core_perl;."/><property name="java.vendor" value="Oracle Corporation"/><property name="scala.ext.dirs" value="C:\Users\elvis\.sbt\1.0\java9-rt-ext-oracle_corporation_11_0_15"/><property name="sun.io.unicode.encoding" value="UnicodeLittle"/><property name="sun.desktop" value="windows"/><property name="java.class.path" value="C:\Program Files (x86)\sbt\bin\sbt-launch.jar"/><property name="java.vm.vendor" value="Oracle Corporation"/><property name="user.variant" value=""/><property name="jline.shutdownhook" value="false"/><property name="user.timezone" value="Atlantic/Azores"/><property name="os.name" value="Windows 11"/><property name="java.vm.specification.version" value="11"/><property name="sun.java.launcher" value="SUN_STANDARD"/><property name="user.country" value="US"/><property name="sun.cpu.endian" value="little"/><property name="user.home" value="C:\Users\elvis"/><property name="user.language" value="en"/><property name="sbt.script" value="C:/Program%20Files (x86)/sbt/bin/sbt"/><property name="sbt.ipcsocket.tmpdir" value="C:\Users\elvis\AppData\Local\Temp\.sbt473b392d\ipcsocket"/><property name="swoval.tmpdir" value="C:\Users\elvis\AppData\Local\Temp\.sbt473b392d\swoval"/><property name="java.awt.graphicsenv" value="sun.awt.Win32GraphicsEnvironment"/><property name="jline.esc.timeout" value="0"/><property name="path.separator" value=";"/><property name="os.version" value="10.0"/><property name="jna.nosys" value="true"/><property name="java.runtime.name" value="Java(TM) SE Runtime Environment"/><property name="java.vm.name" value="Java HotSpot(TM) 64-Bit Server VM"/><property name="java.vendor.url.bug" value="https://bugreport.java.com/bugreport/"/><property name="user.dir" value="C:\Users\elvis\OneDrive\Documents\Dev_Mode\Codes\Scala\BlackJack_Project"/><property name="os.arch" value="amd64"/><property name="java.vm.info" value="mixed mode"/><property name="sbt.cygwin" value="true"/><property name="java.vm.version" value="11.0.15+8-LTS-149"/><property name="java.class.version" value="55.0"/>
    </properties>
          <testcase classname="ActionTest" name="Total number of shuffled cards should be 52" time="0.039">
                      
                    </testcase>
          <system-out><![CDATA[]]></system-out>
          <system-err><![CDATA[]]></system-err>
        </testsuite>